ERROR - 2024-11-18 23:14:14 --> mysqli_sql_exception: Unknown column 'tasks_status' in 'field list' in C:\wamp64\www\gestordetarefas\system\Database\MySQLi\Connection.php:295
Stack trace:
#0 C:\wamp64\www\gestordetarefas\system\Database\MySQLi\Connection.php(295): mysqli->query('INSERT INTO `ta...', 0)
#1 C:\wamp64\www\gestordetarefas\system\Database\BaseConnection.php(692): CodeIgniter\Database\MySQLi\Connection->execute('INSERT INTO `ta...')
#2 C:\wamp64\www\gestordetarefas\system\Database\BaseConnection.php(606): CodeIgniter\Database\BaseConnection->simpleQuery('INSERT INTO `ta...')
#3 C:\wamp64\www\gestordetarefas\system\Database\BaseBuilder.php(1801): CodeIgniter\Database\BaseConnection->query('INSERT INTO `ta...', NULL, false)
#4 C:\wamp64\www\gestordetarefas\system\Database\BaseBuilder.php(2192): CodeIgniter\Database\BaseBuilder->batchExecute('_insertBatch', 100)
#5 C:\wamp64\www\gestordetarefas\app\Database\Seeds\TasksSeeder.php(86): CodeIgniter\Database\BaseBuilder->insertBatch(Array)
#6 C:\wamp64\www\gestordetarefas\system\Database\Seeder.php(146): App\Database\Seeds\TasksSeeder->run()
#7 C:\wamp64\www\gestordetarefas\system\Commands\Database\Seed.php(77): CodeIgniter\Database\Seeder->call('App\\Database\\Se...')
#8 C:\wamp64\www\gestordetarefas\system\CLI\Commands.php(65): CodeIgniter\Commands\Database\Seed->run(Array)
#9 C:\wamp64\www\gestordetarefas\system\CLI\Console.php(37): CodeIgniter\CLI\Commands->run('db:seed', Array)
#10 C:\wamp64\www\gestordetarefas\spark(97): CodeIgniter\CLI\Console->run()
#11 {main}
ERROR - 2024-11-18 23:15:36 --> mysqli_sql_exception: Unknown column 'tasks_status' in 'field list' in C:\wamp64\www\gestordetarefas\system\Database\MySQLi\Connection.php:295
Stack trace:
#0 C:\wamp64\www\gestordetarefas\system\Database\MySQLi\Connection.php(295): mysqli->query('INSERT INTO `ta...', 0)
#1 C:\wamp64\www\gestordetarefas\system\Database\BaseConnection.php(692): CodeIgniter\Database\MySQLi\Connection->execute('INSERT INTO `ta...')
#2 C:\wamp64\www\gestordetarefas\system\Database\BaseConnection.php(606): CodeIgniter\Database\BaseConnection->simpleQuery('INSERT INTO `ta...')
#3 C:\wamp64\www\gestordetarefas\system\Database\BaseBuilder.php(1801): CodeIgniter\Database\BaseConnection->query('INSERT INTO `ta...', NULL, false)
#4 C:\wamp64\www\gestordetarefas\system\Database\BaseBuilder.php(2192): CodeIgniter\Database\BaseBuilder->batchExecute('_insertBatch', 100)
#5 C:\wamp64\www\gestordetarefas\app\Database\Seeds\TasksSeeder.php(86): CodeIgniter\Database\BaseBuilder->insertBatch(Array)
#6 C:\wamp64\www\gestordetarefas\system\Database\Seeder.php(146): App\Database\Seeds\TasksSeeder->run()
#7 C:\wamp64\www\gestordetarefas\system\Commands\Database\Seed.php(77): CodeIgniter\Database\Seeder->call('App\\Database\\Se...')
#8 C:\wamp64\www\gestordetarefas\system\CLI\Commands.php(65): CodeIgniter\Commands\Database\Seed->run(Array)
#9 C:\wamp64\www\gestordetarefas\system\CLI\Console.php(37): CodeIgniter\CLI\Commands->run('db:seed', Array)
#10 C:\wamp64\www\gestordetarefas\spark(97): CodeIgniter\CLI\Console->run()
#11 {main}
ERROR - 2024-11-18 23:17:56 --> mysqli_sql_exception: Unknown column 'tasks_status' in 'field list' in C:\wamp64\www\gestordetarefas\system\Database\MySQLi\Connection.php:295
Stack trace:
#0 C:\wamp64\www\gestordetarefas\system\Database\MySQLi\Connection.php(295): mysqli->query('INSERT INTO `ta...', 0)
#1 C:\wamp64\www\gestordetarefas\system\Database\BaseConnection.php(692): CodeIgniter\Database\MySQLi\Connection->execute('INSERT INTO `ta...')
#2 C:\wamp64\www\gestordetarefas\system\Database\BaseConnection.php(606): CodeIgniter\Database\BaseConnection->simpleQuery('INSERT INTO `ta...')
#3 C:\wamp64\www\gestordetarefas\system\Database\BaseBuilder.php(1801): CodeIgniter\Database\BaseConnection->query('INSERT INTO `ta...', NULL, false)
#4 C:\wamp64\www\gestordetarefas\system\Database\BaseBuilder.php(2192): CodeIgniter\Database\BaseBuilder->batchExecute('_insertBatch', 100)
#5 C:\wamp64\www\gestordetarefas\app\Database\Seeds\TasksSeeder.php(86): CodeIgniter\Database\BaseBuilder->insertBatch(Array)
#6 C:\wamp64\www\gestordetarefas\system\Database\Seeder.php(146): App\Database\Seeds\TasksSeeder->run()
#7 C:\wamp64\www\gestordetarefas\system\Commands\Database\Seed.php(77): CodeIgniter\Database\Seeder->call('App\\Database\\Se...')
#8 C:\wamp64\www\gestordetarefas\system\CLI\Commands.php(65): CodeIgniter\Commands\Database\Seed->run(Array)
#9 C:\wamp64\www\gestordetarefas\system\CLI\Console.php(37): CodeIgniter\CLI\Commands->run('db:seed', Array)
#10 C:\wamp64\www\gestordetarefas\spark(97): CodeIgniter\CLI\Console->run()
#11 {main}
ERROR - 2024-11-18 23:18:43 --> mysqli_sql_exception: Unknown column 'tasks_status' in 'field list' in C:\wamp64\www\gestordetarefas\system\Database\MySQLi\Connection.php:295
Stack trace:
#0 C:\wamp64\www\gestordetarefas\system\Database\MySQLi\Connection.php(295): mysqli->query('INSERT INTO `ta...', 0)
#1 C:\wamp64\www\gestordetarefas\system\Database\BaseConnection.php(692): CodeIgniter\Database\MySQLi\Connection->execute('INSERT INTO `ta...')
#2 C:\wamp64\www\gestordetarefas\system\Database\BaseConnection.php(606): CodeIgniter\Database\BaseConnection->simpleQuery('INSERT INTO `ta...')
#3 C:\wamp64\www\gestordetarefas\system\Database\BaseBuilder.php(1801): CodeIgniter\Database\BaseConnection->query('INSERT INTO `ta...', NULL, false)
#4 C:\wamp64\www\gestordetarefas\system\Database\BaseBuilder.php(2192): CodeIgniter\Database\BaseBuilder->batchExecute('_insertBatch', 100)
#5 C:\wamp64\www\gestordetarefas\app\Database\Seeds\TasksSeeder.php(86): CodeIgniter\Database\BaseBuilder->insertBatch(Array)
#6 C:\wamp64\www\gestordetarefas\system\Database\Seeder.php(146): App\Database\Seeds\TasksSeeder->run()
#7 C:\wamp64\www\gestordetarefas\system\Commands\Database\Seed.php(77): CodeIgniter\Database\Seeder->call('App\\Database\\Se...')
#8 C:\wamp64\www\gestordetarefas\system\CLI\Commands.php(65): CodeIgniter\Commands\Database\Seed->run(Array)
#9 C:\wamp64\www\gestordetarefas\system\CLI\Console.php(37): CodeIgniter\CLI\Commands->run('db:seed', Array)
#10 C:\wamp64\www\gestordetarefas\spark(97): CodeIgniter\CLI\Console->run()
#11 {main}
